<testsuite name="mxunit.testresults" hostname="127.0.0.1" tests="41" failures="0" errors="0" timestamp="08/02/13 2:12:55 PM" time="13.629"><properties>
[...]
</properties><testcase classname="codedepot.cachebox-couchbase.tests.unit.CouchbaseColdboxProviderTest" name="testclearViewMulti" time="0.211"></testcase><testcase classname="codedepot.cachebox-couchbase.tests.unit.CouchbaseColdboxProviderTest" name="testClearEventMulti" time="0.215"></testcase><testcase classname="codedepot.cachebox-couchbase.tests.unit.CouchbaseColdboxProviderTest" name="testClearAllEvents" time="0.826"></testcase><testcase classname="codedepot.cachebox-couchbase.tests.unit.CouchbaseColdboxProviderTest" name="testClearView" time="0.207"></testcase><testcase classname="codedepot.cachebox-couchbase.tests.unit.CouchbaseColdboxProviderTest" name="testColdBox" time="0.208"></testcase><testcase classname="codedepot.cachebox-couchbase.tests.unit.CouchbaseColdboxProviderTest" name="testclearAllViews" time="0.221"></testcase><testcase classname="codedepot.cachebox-couchbase.tests.unit.CouchbaseColdboxProviderTest" name="testGetPrefixes" time="0.769"></testcase><testcase classname="codedepot.cachebox-couchbase.tests.unit.CouchbaseColdboxProviderTest" name="testClearEvent" time="0.215"></testcase><testcase classname="codedepot.cachebox-couchbase.tests.unit.CouchbaseColdboxProviderTest" name="testURLFacade" time="0.201"></testcase><testcase classname="codedepot.cachebox-couchbase.tests.unit.CouchbaseColdboxProviderTest" name="testClearQuiet" time="0.781"></testcase><testcase classname="codedepot.cachebox-couchbase.tests.unit.CouchbaseColdboxProviderTest" name="testSetQuiet" time="0.205"></testcase><testcase classname="codedepot.cachebox-couchbase.tests.unit.CouchbaseColdboxProviderTest" name="testLookup" time="0.237"></testcase><testcase classname="codedepot.cachebox-couchbase.tests.unit.CouchbaseColdboxProviderTest" name="testGetQuiet" time="0.761"></testcase><testcase classname="codedepot.cachebox-couchbase.tests.unit.CouchbaseColdboxProviderTest" name="testGet" time="0.203"></testcase><testcase classname="codedepot.cachebox-couchbase.tests.unit.CouchbaseColdboxProviderTest" name="testShutdown" time="0.214"></testcase><testcase classname="codedepot.cachebox-couchbase.tests.unit.CouchbaseColdboxProviderTest" name="testGetKeys" time="0.862"></testcase><testcase classname="codedepot.cachebox-couchbase.tests.unit.CouchbaseColdboxProviderTest" name="testGetSize" time="0.22"></testcase><testcase classname="codedepot.cachebox-couchbase.tests.unit.CouchbaseColdboxProviderTest" name="testgetStoreMetadataReport" time="0.274"></testcase><testcase classname="codedepot.cachebox-couchbase.tests.unit.CouchbaseColdboxProviderTest" name="testClear" time="0.202"></testcase><testcase classname="codedepot.cachebox-couchbase.tests.unit.CouchbaseColdboxProviderTest" name="testLookupQuiet" time="0.807"></testcase><testcase classname="codedepot.cachebox-couchbase.tests.unit.CouchbaseColdboxProviderTest" name="testExpireObject" time="0.204"></testcase><testcase classname="codedepot.cachebox-couchbase.tests.unit.CouchbaseColdboxProviderTest" name="testSet" time="0.224"></testcase><testcase classname="codedepot.cachebox-couchbase.tests.unit.CouchbaseColdboxProviderTest" name="testReap" time="0.762"></testcase><testcase classname="codedepot.cachebox-couchbase.tests.unit.CouchbaseColdboxProviderTest" name="testGetCachedObjectMetadata" time="0.202"></testcase><testcase classname="codedepot.cachebox-couchbase.tests.unit.CouchbaseColdboxProviderTest" name="testExpireAll" time="0.204"></testcase><testcase classname="codedepot.cachebox-couchbase.tests.unit.CouchbaseProviderTest" name="testClearQuiet" time="0.157"></testcase><testcase classname="codedepot.cachebox-couchbase.tests.unit.CouchbaseProviderTest" name="testSetQuiet" time="0.823"></testcase><testcase classname="codedepot.cachebox-couchbase.tests.unit.CouchbaseProviderTest" name="testLookup" time="0.173"></testcase><testcase classname="codedepot.cachebox-couchbase.tests.unit.CouchbaseProviderTest" name="testGetQuiet" time="0.153"></testcase><testcase classname="codedepot.cachebox-couchbase.tests.unit.CouchbaseProviderTest" name="testGet" time="0.147"></testcase><testcase classname="codedepot.cachebox-couchbase.tests.unit.CouchbaseProviderTest" name="testShutdown" time="0.133"></testcase><testcase classname="codedepot.cachebox-couchbase.tests.unit.CouchbaseProviderTest" name="testGetKeys" time="0.166"></testcase><testcase classname="codedepot.cachebox-couchbase.tests.unit.CouchbaseProviderTest" name="testGetSize" time="0.753"></testcase><testcase classname="codedepot.cachebox-couchbase.tests.unit.CouchbaseProviderTest" name="testgetStoreMetadataReport" time="0.154"></testcase><testcase classname="codedepot.cachebox-couchbase.tests.unit.CouchbaseProviderTest" name="testClear" time="0.124"></testcase><testcase classname="codedepot.cachebox-couchbase.tests.unit.CouchbaseProviderTest" name="testLookupQuiet" time="0.148"></testcase><testcase classname="codedepot.cachebox-couchbase.tests.unit.CouchbaseProviderTest" name="testExpireObject" time="0.112"></testcase><testcase classname="codedepot.cachebox-couchbase.tests.unit.CouchbaseProviderTest" name="testSet" time="0.107"></testcase><testcase classname="codedepot.cachebox-couchbase.tests.unit.CouchbaseProviderTest" name="testReap" time="0.684"></testcase><testcase classname="codedepot.cachebox-couchbase.tests.unit.CouchbaseProviderTest" name="testGetCachedObjectMetadata" time="0.227"></testcase><testcase classname="codedepot.cachebox-couchbase.tests.unit.CouchbaseProviderTest" name="testExpireAll" time="0.105"></testcase></testsuite> 